<?xml version="1.0" encoding="UTF-8"?>
<!-- Generated by org.testng.reporters.JUnitXMLReporter -->
<testsuite ignored="0" hostname="DESKTOP-AE4B4TA" failures="0" tests="3" name="Testng1" time="32.196" errors="0" timestamp="2022-04-15T01:52:39 IST">
  <testcase classname="TestCases.VerifySignIn" name="EnterCredentials" time="0.862"/>
  <testcase classname="TestCases.VerifySignIn" name="EnterCredentials" time="1.016"/>
  <testcase classname="TestCases.VerifySignUp" name="SignUp" time="17.216"/>
</testsuite> <!-- Testng1 -->
