<?xml version="1.0" encoding="UTF-8"?>
<testng-results ignored="0" total="3" passed="3" failed="0" skipped="0">
  <reporter-output>
  </reporter-output>
  <suite started-at="2022-04-15T01:52:07 IST" name="Suite" finished-at="2022-04-15T01:52:39 IST" duration-ms="32196">
    <groups>
    </groups>
    <test started-at="2022-04-15T01:52:07 IST" name="Testng1" finished-at="2022-04-15T01:52:39 IST" duration-ms="32196">
      <class name="TestCases.VerifySignIn">
        <test-method is-config="true" signature="LaunchBrowser()[pri:0, instance:TestCases.VerifySignIn@4310d43]" started-at="2022-04-15T01:52:07 IST" name="LaunchBrowser" finished-at="2022-04-15T01:52:14 IST" duration-ms="6975" status="PASS">
          <reporter-output>
          </reporter-output>
        </test-method> <!-- LaunchBrowser -->
        <test-method signature="EnterCredentials(java.lang.String,java.lang.String)[pri:0, instance:TestCases.VerifySignIn@4310d43]" started-at="2022-04-15T01:52:16 IST" name="EnterCredentials" data-provider="demo" finished-at="2022-04-15T01:52:17 IST" duration-ms="862" status="PASS">
          <params>
            <param index="0">
              <value>
                <![CDATA[SK1588]]>
              </value>
            </param>
            <param index="1">
              <value>
                <![CDATA[ABC123]]>
              </value>
            </param>
          </params>
          <reporter-output>
          </reporter-output>
        </test-method> <!-- EnterCredentials -->
        <test-method signature="EnterCredentials(java.lang.String,java.lang.String)[pri:0, instance:TestCases.VerifySignIn@4310d43]" started-at="2022-04-15T01:52:17 IST" name="EnterCredentials" data-provider="demo" finished-at="2022-04-15T01:52:18 IST" duration-ms="1016" status="PASS">
          <params>
            <param index="0">
              <value>
                <![CDATA[MK1315]]>
              </value>
            </param>
            <param index="1">
              <value>
                <![CDATA[XYZ456]]>
              </value>
            </param>
          </params>
          <reporter-output>
          </reporter-output>
        </test-method> <!-- EnterCredentials -->
        <test-method is-config="true" signature="CloseBrowser()[pri:0, instance:TestCases.VerifySignIn@4310d43]" started-at="2022-04-15T01:52:18 IST" name="CloseBrowser" finished-at="2022-04-15T01:52:18 IST" duration-ms="1" status="PASS">
          <reporter-output>
          </reporter-output>
        </test-method> <!-- CloseBrowser -->
      </class> <!-- TestCases.VerifySignIn -->
      <class name="TestCases.VerifySignUp">
        <test-method is-config="true" signature="LaunchBrowser()[pri:0, instance:TestCases.VerifySignUp@4659191b]" started-at="2022-04-15T01:52:18 IST" name="LaunchBrowser" finished-at="2022-04-15T01:52:22 IST" duration-ms="3962" status="PASS">
          <reporter-output>
          </reporter-output>
        </test-method> <!-- LaunchBrowser -->
        <test-method signature="SignUp()[pri:0, instance:TestCases.VerifySignUp@4659191b]" started-at="2022-04-15T01:52:22 IST" name="SignUp" finished-at="2022-04-15T01:52:39 IST" duration-ms="17216" status="PASS">
          <reporter-output>
          </reporter-output>
        </test-method> <!-- SignUp -->
        <test-method is-config="true" signature="CloseBrowser()[pri:0, instance:TestCases.VerifySignUp@4659191b]" started-at="2022-04-15T01:52:39 IST" name="CloseBrowser" finished-at="2022-04-15T01:52:39 IST" duration-ms="0" status="PASS">
          <reporter-output>
          </reporter-output>
        </test-method> <!-- CloseBrowser -->
      </class> <!-- TestCases.VerifySignUp -->
    </test> <!-- Testng1 -->
  </suite> <!-- Suite -->
</testng-results>
